<?xml version="1.0" encoding="UTF-8"?>
<!-- Generated by org.testng.reporters.JUnitReportReporter -->
<testsuite hostname="an-test" name="com.bluemeric.test.GenerateTest" tests="1" failures="0" timestamp="26 Oct 2016 10:35:22 GMT" time="0.441" errors="0">
  <testcase name="getTest" time="0.441" classname="com.bluemeric.test.GenerateTest"/>
</testsuite> <!-- com.bluemeric.test.GenerateTest -->
